<?xml version="1.0" encoding="UTF-8"?>
<!-- Generated by org.testng.reporters.JUnitReportReporter -->
<testsuite hostname="Bharathi" failures="0" tests="1" name="randomTestScenarios.DropDownSelection" time="4.810" errors="0" timestamp="2025-03-02T12:42:00 IST" skipped="0">
  <testcase classname="randomTestScenarios.DropDownSelection" name="dropdowncheck" time="4.810"/>
  <system-out/>
</testsuite> <!-- randomTestScenarios.DropDownSelection -->
