<?xml version="1.0" encoding="UTF-8"?>
<!-- Generated by org.testng.reporters.JUnitReportReporter -->
<testsuite hostname="Bharathi" failures="0" tests="1" name="LoginTest" time="8.115" errors="0" timestamp="2025-03-02T11:53:58 IST" skipped="0">
  <testcase classname="LoginTest" name="Login" time="8.115"/>
  <system-out/>
</testsuite> <!-- LoginTest -->
