<?xml version="1.0" encoding="UTF-8"?>
<!-- Generated by org.testng.reporters.JUnitReportReporter -->
<testsuite hostname="Bharathi" failures="0" tests="1" name="SampleTest" time="4.420" errors="0" timestamp="2025-02-26T18:11:54 IST" skipped="0">
  <testcase classname="SampleTest" name="Sample" time="4.420"/>
  <system-out/>
</testsuite> <!-- SampleTest -->
