<?xml version="1.0" encoding="UTF-8"?>
<!-- Generated by org.testng.reporters.JUnitReportReporter -->
<testsuite hostname="Bharathi" failures="0" tests="1" name="LoginTest" time="6.628" errors="0" timestamp="2025-02-27T14:23:03 IST" skipped="0">
  <testcase classname="LoginTest" name="Login" time="6.628"/>
  <system-out/>
</testsuite> <!-- LoginTest -->
